{
  "RSpec": {
    "coverage": {
      "/Users/jlivingston1/Turing/4module/projects/PassGo_db/config/environment.rb": [
        null,
        1,
        null,
        null,
        1
      ],
      "/Users/jlivingston1/Turing/4module/projects/PassGo_db/config/application.rb": [
        1,
        null,
        1,
        null,
        1,
        1,
        1,
        1,
        1,
        1,
        1,
        1,
        1,
        null,
        null,
        null,
        null,
        1,
        null,
        1,
        1,
        null,
        1,
        1,
        1,
        1,
        1,
        null,
        null,
        null,
        null,
        1,
        null,
        null,
        null,
        null,
        null,
        null,
        null,
        1,
        null,
        null
      ],
      "/Users/jlivingston1/Turing/4module/projects/PassGo_db/config/boot.rb": [
        1,
        null,
        1,
        1
      ],
      "/Users/jlivingston1/Turing/4module/projects/PassGo_db/config/environments/test.rb": [
        1,
        null,
        null,
        null,
        null,
        null,
        null,
        1,
        null,
        null,
        null,
        null,
        1,
        null,
        null,
        1,
        1,
        null,
        null,
        null,
        null,
        1,
        1,
        null,
        null,
        1,
        null,
        null,
        1,
        null,
        null,
        1,
        null,
        1,
        null,
        null,
        null,
        null,
        1,
        null,
        null,
        1,
        null,
        null,
        null,
        null
      ],
      "/Users/jlivingston1/Turing/4module/projects/PassGo_db/config/initializers/application_controller_renderer.rb": [
        null,
        null,
        null,
        null,
        null,
        null,
        null,
        null
      ],
      "/Users/jlivingston1/Turing/4module/projects/PassGo_db/config/initializers/assets.rb": [
        null,
        null,
        null,
        1,
        null,
        null,
        null,
        null,
        1,
        null,
        null,
        null,
        null,
        null
      ],
      "/Users/jlivingston1/Turing/4module/projects/PassGo_db/config/initializers/backtrace_silencers.rb": [
        null,
        null,
        null,
        null,
        null,
        null,
        null
      ],
      "/Users/jlivingston1/Turing/4module/projects/PassGo_db/config/initializers/content_security_policy.rb": [
        null,
        null,
        null,
        null,
        null,
        null,
        null,
        null,
        null,
        null,
        null,
        null,
        null,
        null,
        null,
        null,
        null,
        null,
        null,
        null,
        null,
        null,
        null,
        null,
        null
      ],
      "/Users/jlivingston1/Turing/4module/projects/PassGo_db/config/initializers/cookies_serializer.rb": [
        null,
        null,
        null,
        null,
        1
      ],
      "/Users/jlivingston1/Turing/4module/projects/PassGo_db/config/initializers/filter_parameter_logging.rb": [
        null,
        null,
        null,
        1
      ],
      "/Users/jlivingston1/Turing/4module/projects/PassGo_db/config/initializers/inflections.rb": [
        null,
        null,
        null,
        null,
        null,
        null,
        null,
        null,
        null,
        null,
        null,
        null,
        null,
        null,
        null,
        null
      ],
      "/Users/jlivingston1/Turing/4module/projects/PassGo_db/config/initializers/mime_types.rb": [
        null,
        null,
        null,
        null
      ],
      "/Users/jlivingston1/Turing/4module/projects/PassGo_db/config/initializers/wrap_parameters.rb": [
        null,
        null,
        null,
        null,
        null,
        null,
        1,
        2,
        null,
        null,
        null,
        null,
        null,
        null
      ],
      "/Users/jlivingston1/Turing/4module/projects/PassGo_db/config/routes.rb": [
        1,
        null,
        1,
        1,
        1,
        1,
        1,
        1,
        1,
        1,
        null,
        null,
        null,
        null
      ],
      "/Users/jlivingston1/Turing/4module/projects/PassGo_db/app/helpers/application_helper.rb": [
        1,
        null
      ],
      "/Users/jlivingston1/Turing/4module/projects/PassGo_db/spec/requests/locations_spec.rb": [
        1,
        null,
        1,
        1,
        1,
        1,
        1,
        1,
        null,
        1,
        null,
        1,
        null,
        1,
        1,
        1,
        1,
        1,
        1,
        1,
        1,
        1,
        1,
        1,
        1,
        null,
        null,
        null,
        1,
        1,
        1,
        1,
        1,
        1,
        null,
        1,
        1,
        null,
        1,
        null,
        1,
        1,
        1,
        1,
        1,
        1,
        1,
        1,
        1,
        1,
        1,
        1,
        null,
        null,
        null,
        1,
        1,
        1,
        1,
        1,
        1,
        null,
        1,
        null,
        1,
        null,
        1,
        1,
        1,
        1,
        null,
        null,
        null,
        null
      ],
      "/Users/jlivingston1/Turing/4module/projects/PassGo_db/spec/requests/users_spec.rb": [
        1,
        null,
        1,
        1,
        1,
        1,
        null,
        1,
        null,
        null,
        1,
        null,
        1,
        1,
        1,
        null,
        1,
        1,
        null,
        null,
        null,
        1,
        1,
        1,
        null,
        1,
        null,
        1,
        null,
        1,
        1,
        1,
        null,
        null,
        null,
        1,
        1,
        1,
        null,
        1,
        null,
        1,
        null,
        1,
        1,
        1,
        null,
        null,
        null
      ],
      "/Users/jlivingston1/Turing/4module/projects/PassGo_db/app/models/company.rb": [
        1,
        1,
        1,
        null
      ],
      "/Users/jlivingston1/Turing/4module/projects/PassGo_db/app/models/application_record.rb": [
        1,
        1,
        null
      ],
      "/Users/jlivingston1/Turing/4module/projects/PassGo_db/app/controllers/api/v1/companies_controller.rb": [
        1,
        1,
        1,
        null,
        1,
        1,
        1,
        null,
        null,
        1,
        1,
        null,
        1,
        null,
        null,
        1,
        1,
        1,
        null,
        1,
        null,
        null,
        null
      ],
      "/Users/jlivingston1/Turing/4module/projects/PassGo_db/app/controllers/application_controller.rb": [
        1,
        null
      ],
      "/Users/jlivingston1/Turing/4module/projects/PassGo_db/app/serializers/company_serializer.rb": [
        1,
        1,
        null
      ],
      "/Users/jlivingston1/Turing/4module/projects/PassGo_db/app/models/user_company.rb": [
        1,
        1,
        1,
        null
      ],
      "/Users/jlivingston1/Turing/4module/projects/PassGo_db/app/models/user.rb": [
        1,
        1,
        1,
        null,
        1,
        6,
        null,
        null,
        1,
        4,
        4,
        3,
        3,
        3,
        3,
        null,
        null,
        null
      ],
      "/Users/jlivingston1/Turing/4module/projects/PassGo_db/app/controllers/api/v1/users/locations_controller.rb": [
        1,
        null,
        1,
        1,
        4,
        4,
        4,
        4,
        4,
        null,
        4,
        null,
        null
      ],
      "/Users/jlivingston1/Turing/4module/projects/PassGo_db/app/models/distance.rb": [
        1,
        1,
        1,
        4,
        4,
        null,
        null,
        null,
        null,
        null,
        null,
        null,
        null,
        1,
        4,
        1,
        1,
        null,
        null,
        null,
        1,
        4,
        4,
        4,
        4,
        4,
        4,
        null,
        12,
        12,
        null,
        4,
        4,
        null,
        4,
        null,
        null
      ],
      "/Users/jlivingston1/Turing/4module/projects/PassGo_db/app/serializers/user_serializer.rb": [
        1,
        1,
        null,
        1,
        8,
        8,
        3,
        3,
        3,
        3,
        3,
        3,
        3,
        3,
        3,
        3,
        3,
        null,
        8,
        null,
        null
      ],
      "/Users/jlivingston1/Turing/4module/projects/PassGo_db/app/controllers/api/v1/users_controller.rb": [
        1,
        1,
        1,
        1,
        1,
        null,
        null,
        1,
        1,
        1,
        null,
        null,
        1,
        1,
        1,
        null,
        null,
        1,
        1,
        1,
        null,
        null,
        null
      ]
    },
    "timestamp": 1537366390
  }
}
